This is pdfTeX, Version 3.141592653-2.6-1.40.25 (TeX Live 2023) (preloaded format=pdflatex 2023.7.24)  1 AUG 2023 14:16
entering extended mode
 restricted \write18 enabled.
 %&-line parsing enabled.
**ICC_project.tex
(./ICC_project.tex
LaTeX2e <2023-06-01> patch level 1
L3 programming layer <2023-06-30>
(c:/Users/diego/AppData/Roaming/TinyTeX/texmf-dist/tex/latex/apa6/apa6.cls
Document Class: apa6 2020/01/13 v2.34 APA formatting (6th edition)
(c:/Users/diego/AppData/Roaming/TinyTeX/texmf-dist/tex/latex/base/article.cls
Document Class: article 2023/05/17 v1.4n Standard LaTeX document class
(c:/Users/diego/AppData/Roaming/TinyTeX/texmf-dist/tex/latex/base/size10.clo
File: size10.clo 2023/05/17 v1.4n Standard LaTeX file (size option)
)
\c@part=\count185
\c@section=\count186
\c@subsection=\count187
\c@subsubsection=\count188
\c@paragraph=\count189
\c@subparagraph=\count190
\c@figure=\count191
\c@table=\count192
\abovecaptionskip=\skip48
\belowcaptionskip=\skip49
\bibindent=\dimen140
) (c:/Users/diego/AppData/Roaming/TinyTeX/texmf-dist/tex/latex/etoolbox/etoolbox.sty
Package: etoolbox 2020/10/05 v2.5k e-TeX tools for LaTeX (JAW)
\etb@tempcnta=\count193
)
Class apa6 Info: No bibliography package was specified; defaulting to (but not loading) Biblatex on input line 213.
(c:/Users/diego/AppData/Roaming/TinyTeX/texmf-dist/tex/latex/lm/lmodern.sty
Package: lmodern 2015/05/01 v1.6.1 Latin Modern Fonts
LaTeX Font Info:    Overwriting symbol font `operators' in version `normal'
(Font)                  OT1/cmr/m/n --> OT1/lmr/m/n on input line 22.
LaTeX Font Info:    Overwriting symbol font `letters' in version `normal'
(Font)                  OML/cmm/m/it --> OML/lmm/m/it on input line 23.
LaTeX Font Info:    Overwriting symbol font `symbols' in version `normal'
(Font)                  OMS/cmsy/m/n --> OMS/lmsy/m/n on input line 24.
LaTeX Font Info:    Overwriting symbol font `largesymbols' in version `normal'
(Font)                  OMX/cmex/m/n --> OMX/lmex/m/n on input line 25.
LaTeX Font Info:    Overwriting symbol font `operators' in version `bold'
(Font)                  OT1/cmr/bx/n --> OT1/lmr/bx/n on input line 26.
LaTeX Font Info:    Overwriting symbol font `letters' in version `bold'
(Font)                  OML/cmm/b/it --> OML/lmm/b/it on input line 27.
LaTeX Font Info:    Overwriting symbol font `symbols' in version `bold'
(Font)                  OMS/cmsy/b/n --> OMS/lmsy/b/n on input line 28.
LaTeX Font Info:    Overwriting symbol font `largesymbols' in version `bold'
(Font)                  OMX/cmex/m/n --> OMX/lmex/m/n on input line 29.
LaTeX Font Info:    Overwriting math alphabet `\mathbf' in version `normal'
(Font)                  OT1/cmr/bx/n --> OT1/lmr/bx/n on input line 31.
LaTeX Font Info:    Overwriting math alphabet `\mathsf' in version `normal'
(Font)                  OT1/cmss/m/n --> OT1/lmss/m/n on input line 32.
LaTeX Font Info:    Overwriting math alphabet `\mathit' in version `normal'
(Font)                  OT1/cmr/m/it --> OT1/lmr/m/it on input line 33.
LaTeX Font Info:    Overwriting math alphabet `\mathtt' in version `normal'
(Font)                  OT1/cmtt/m/n --> OT1/lmtt/m/n on input line 34.
LaTeX Font Info:    Overwriting math alphabet `\mathbf' in version `bold'
(Font)                  OT1/cmr/bx/n --> OT1/lmr/bx/n on input line 35.
LaTeX Font Info:    Overwriting math alphabet `\mathsf' in version `bold'
(Font)                  OT1/cmss/bx/n --> OT1/lmss/bx/n on input line 36.
LaTeX Font Info:    Overwriting math alphabet `\mathit' in version `bold'
(Font)                  OT1/cmr/bx/it --> OT1/lmr/bx/it on input line 37.
LaTeX Font Info:    Overwriting math alphabet `\mathtt' in version `bold'
(Font)                  OT1/cmtt/m/n --> OT1/lmtt/m/n on input line 38.
) (c:/Users/diego/AppData/Roaming/TinyTeX/texmf-dist/tex/latex/base/fontenc.sty
Package: fontenc 2021/04/29 v2.0v Standard LaTeX package
LaTeX Font Info:    Trying to load font information for T1+lmr on input line 112.
(c:/Users/diego/AppData/Roaming/TinyTeX/texmf-dist/tex/latex/lm/t1lmr.fd
File: t1lmr.fd 2015/05/01 v1.6.1 Font defs for Latin Modern
)) (c:/Users/diego/AppData/Roaming/TinyTeX/texmf-dist/tex/latex/psnfss/times.sty
Package: times 2020/03/25 PSNFSS-v9.3 (SPQR) 
) (c:/Users/diego/AppData/Roaming/TinyTeX/texmf-dist/tex/latex/psnfss/mathptm.sty
Package: mathptm 2020/03/25 PSNFSS-v9.3 Times w/ Math (SPQR, WaS) 

Package mathptm Warning: This package is to be regarded as obsolete.
(mathptm)                See the PSNFSS documentation.

LaTeX Font Info:    Redeclaring symbol font `operators' on input line 31.
LaTeX Font Info:    Overwriting symbol font `operators' in version `normal'
(Font)                  OT1/lmr/m/n --> OT1/ptmcm/m/n on input line 31.
LaTeX Font Info:    Overwriting symbol font `operators' in version `bold'
(Font)                  OT1/lmr/bx/n --> OT1/ptmcm/m/n on input line 31.
LaTeX Font Info:    Redeclaring symbol font `letters' on input line 32.
LaTeX Font Info:    Overwriting symbol font `letters' in version `normal'
(Font)                  OML/lmm/m/it --> OML/ptmcm/m/it on input line 32.
LaTeX Font Info:    Overwriting symbol font `letters' in version `bold'
(Font)                  OML/lmm/b/it --> OML/ptmcm/m/it on input line 32.
LaTeX Font Info:    Redeclaring symbol font `symbols' on input line 33.
LaTeX Font Info:    Overwriting symbol font `symbols' in version `normal'
(Font)                  OMS/lmsy/m/n --> OMS/pzccm/m/n on input line 33.
LaTeX Font Info:    Overwriting symbol font `symbols' in version `bold'
(Font)                  OMS/lmsy/b/n --> OMS/pzccm/m/n on input line 33.
LaTeX Font Info:    Redeclaring symbol font `largesymbols' on input line 34.
LaTeX Font Info:    Overwriting symbol font `largesymbols' in version `normal'
(Font)                  OMX/lmex/m/n --> OMX/psycm/m/n on input line 34.
LaTeX Font Info:    Overwriting symbol font `largesymbols' in version `bold'
(Font)                  OMX/lmex/m/n --> OMX/psycm/m/n on input line 34.
\symbold=\mathgroup4
\symitalic=\mathgroup5
LaTeX Font Info:    Redeclaring math alphabet \mathbf on input line 37.
LaTeX Font Info:    Overwriting math alphabet `\mathbf' in version `normal'
(Font)                  OT1/lmr/bx/n --> OT1/ptm/bx/n on input line 37.
LaTeX Font Info:    Overwriting math alphabet `\mathbf' in version `bold'
(Font)                  OT1/lmr/bx/n --> OT1/ptm/bx/n on input line 37.
LaTeX Font Info:    Redeclaring math alphabet \mathit on input line 38.
LaTeX Font Info:    Overwriting math alphabet `\mathit' in version `normal'
(Font)                  OT1/lmr/m/it --> OT1/ptm/m/it on input line 38.
LaTeX Font Info:    Overwriting math alphabet `\mathit' in version `bold'
(Font)                  OT1/lmr/bx/it --> OT1/ptm/m/it on input line 38.
) (c:/Users/diego/AppData/Roaming/TinyTeX/texmf-dist/tex/latex/geometry/geometry.sty
Package: geometry 2020/01/02 v5.9 Page Geometry
(c:/Users/diego/AppData/Roaming/TinyTeX/texmf-dist/tex/latex/graphics/keyval.sty
Package: keyval 2022/05/29 v1.15 key=value parser (DPC)
\KV@toks@=\toks17
) (c:/Users/diego/AppData/Roaming/TinyTeX/texmf-dist/tex/generic/iftex/ifvtex.sty
Package: ifvtex 2019/10/25 v1.7 ifvtex legacy package. Use iftex instead.
(c:/Users/diego/AppData/Roaming/TinyTeX/texmf-dist/tex/generic/iftex/iftex.sty
Package: iftex 2022/02/03 v1.0f TeX engine tests
))
\Gm@cnth=\count194
\Gm@cntv=\count195
\c@Gm@tempcnt=\count196
\Gm@bindingoffset=\dimen141
\Gm@wd@mp=\dimen142
\Gm@odd@mp=\dimen143
\Gm@even@mp=\dimen144
\Gm@layoutwidth=\dimen145
\Gm@layoutheight=\dimen146
\Gm@layouthoffset=\dimen147
\Gm@layoutvoffset=\dimen148
\Gm@dimlist=\toks18
) (c:/Users/diego/AppData/Roaming/TinyTeX/texmf-dist/tex/latex/graphics/graphicx.sty
Package: graphicx 2021/09/16 v1.2d Enhanced LaTeX Graphics (DPC,SPQR)
(c:/Users/diego/AppData/Roaming/TinyTeX/texmf-dist/tex/latex/graphics/graphics.sty
Package: graphics 2022/03/10 v1.4e Standard LaTeX Graphics (DPC,SPQR)
(c:/Users/diego/AppData/Roaming/TinyTeX/texmf-dist/tex/latex/graphics/trig.sty
Package: trig 2021/08/11 v1.11 sin cos tan (DPC)
) (c:/Users/diego/AppData/Roaming/TinyTeX/texmf-dist/tex/latex/graphics-cfg/graphics.cfg
File: graphics.cfg 2016/06/04 v1.11 sample graphics configuration
)
Package graphics Info: Driver file: pdftex.def on input line 107.
(c:/Users/diego/AppData/Roaming/TinyTeX/texmf-dist/tex/latex/graphics-def/pdftex.def
File: pdftex.def 2022/09/22 v1.2b Graphics/color driver for pdftex
))
\Gin@req@height=\dimen149
\Gin@req@width=\dimen150
) (c:/Users/diego/AppData/Roaming/TinyTeX/texmf-dist/tex/latex/booktabs/booktabs.sty
Package: booktabs 2020/01/12 v1.61803398 Publication quality tables
\heavyrulewidth=\dimen151
\lightrulewidth=\dimen152
\cmidrulewidth=\dimen153
\belowrulesep=\dimen154
\belowbottomsep=\dimen155
\aboverulesep=\dimen156
\abovetopsep=\dimen157
\cmidrulesep=\dimen158
\cmidrulekern=\dimen159
\defaultaddspace=\dimen160
\@cmidla=\count197
\@cmidlb=\count198
\@aboverulesep=\dimen161
\@belowrulesep=\dimen162
\@thisruleclass=\count199
\@lastruleclass=\count266
\@thisrulewidth=\dimen163
) (c:/Users/diego/AppData/Roaming/TinyTeX/texmf-dist/tex/latex/threeparttable/threeparttable.sty
Package: threeparttable 2003/06/13  v 3.0
\@tempboxb=\box51
)
\b@level@one@skip=\skip50
\e@level@one@skip=\skip51
\b@level@two@skip=\skip52
\e@level@two@skip=\skip53
\b@level@three@skip=\skip54
\e@level@three@skip=\skip55
\b@level@four@skip=\skip56
\e@level@four@skip=\skip57
\b@level@five@skip=\skip58
\e@level@five@skip=\skip59
(c:/Users/diego/AppData/Roaming/TinyTeX/texmf-dist/tex/latex/caption/caption.sty
Package: caption 2023/03/12 v3.6j Customizing captions (AR)
(c:/Users/diego/AppData/Roaming/TinyTeX/texmf-dist/tex/latex/caption/caption3.sty
Package: caption3 2023/03/12 v2.4 caption3 kernel (AR)
\caption@tempdima=\dimen164
\captionmargin=\dimen165
\caption@leftmargin=\dimen166
\caption@rightmargin=\dimen167
\caption@width=\dimen168
\caption@indent=\dimen169
\caption@parindent=\dimen170
\caption@hangindent=\dimen171
Package caption Info: Standard document class detected.
)
\c@caption@flags=\count267
\c@continuedfloat=\count268
Package caption Info: threeparttable package is loaded.
)
\c@APAenum=\count269
\@text@par@indent=\skip60
\gr@box=\box52
\gr@boxwidth=\skip61
\gr@boxheight=\skip62
(c:/Users/diego/AppData/Roaming/TinyTeX/texmf-dist/tex/latex/tools/bm.sty
Package: bm 2022/01/05 v1.2f Bold Symbol Support (DPC/FMi)
Package bm Info: No bold for \OT1/ptmcm/m/n, using \pmb.
Package bm Info: No bold for \OML/ptmcm/m/it, using \pmb.
Package bm Info: No bold for \OMS/pzccm/m/n, using \pmb.
Package bm Info: No bold for \OMX/psycm/m/n, using \pmb.
Package bm Info: No bold for \OT1/ptm/bx/n, using \pmb.
Package bm Info: No bold for \OT1/ptm/m/it, using \pmb.
)
\c@appendix=\count270
(c:/Users/diego/AppData/Roaming/TinyTeX/texmf-dist/tex/latex/tools/ftnright.sty
Package: ftnright 2014/10/28 v1.1f footnote layout package (FMi)
\rcol@footinsskip=\skip63
\ftn@amount=\dimen172
)
\auone@box=\box53
\autwo@box=\box54
\autot@box=\box55
\auone@boxwidth=\skip64
\autwo@boxwidth=\skip65
\autot@boxwidth=\skip66
) (c:/Users/diego/AppData/Roaming/TinyTeX/texmf-dist/tex/latex/amsmath/amsmath.sty
Package: amsmath 2023/05/13 v2.17o AMS math features
\@mathmargin=\skip67
For additional information on amsmath, use the `?' option.
(c:/Users/diego/AppData/Roaming/TinyTeX/texmf-dist/tex/latex/amsmath/amstext.sty
Package: amstext 2021/08/26 v2.01 AMS text
(c:/Users/diego/AppData/Roaming/TinyTeX/texmf-dist/tex/latex/amsmath/amsgen.sty
File: amsgen.sty 1999/11/30 v2.0 generic functions
\@emptytoks=\toks19
\ex@=\dimen173
)) (c:/Users/diego/AppData/Roaming/TinyTeX/texmf-dist/tex/latex/amsmath/amsbsy.sty
Package: amsbsy 1999/11/29 v1.2d Bold Symbols
LaTeX Info: Redefining \boldsymbol on input line 28.
\pmbraise@=\dimen174
) (c:/Users/diego/AppData/Roaming/TinyTeX/texmf-dist/tex/latex/amsmath/amsopn.sty
Package: amsopn 2022/04/08 v2.04 operator names
)
\inf@bad=\count271
LaTeX Info: Redefining \frac on input line 234.
\uproot@=\count272
\leftroot@=\count273
LaTeX Info: Redefining \overline on input line 399.
LaTeX Info: Redefining \colon on input line 410.
\classnum@=\count274
\DOTSCASE@=\count275
LaTeX Info: Redefining \ldots on input line 496.
LaTeX Info: Redefining \dots on input line 499.
LaTeX Info: Redefining \cdots on input line 620.
\Mathstrutbox@=\box56
\strutbox@=\box57
LaTeX Info: Redefining \big on input line 722.
LaTeX Info: Redefining \Big on input line 723.
LaTeX Info: Redefining \bigg on input line 724.
LaTeX Info: Redefining \Bigg on input line 725.
\big@size=\dimen175
LaTeX Font Info:    Redeclaring font encoding OML on input line 743.
LaTeX Font Info:    Redeclaring font encoding OMS on input line 744.
\macc@depth=\count276
LaTeX Info: Redefining \bmod on input line 905.
LaTeX Info: Redefining \pmod on input line 910.
LaTeX Info: Redefining \smash on input line 940.
LaTeX Info: Redefining \relbar on input line 970.
LaTeX Info: Redefining \Relbar on input line 971.
\c@MaxMatrixCols=\count277
\dotsspace@=\muskip16
\c@parentequation=\count278
\dspbrk@lvl=\count279
\tag@help=\toks20
\row@=\count280
\column@=\count281
\maxfields@=\count282
\andhelp@=\toks21
\eqnshift@=\dimen176
\alignsep@=\dimen177
\tagshift@=\dimen178
\tagwidth@=\dimen179
\totwidth@=\dimen180
\lineht@=\dimen181
\@envbody=\toks22
\multlinegap=\skip68
\multlinetaggap=\skip69
\mathdisplay@stack=\toks23
LaTeX Info: Redefining \[ on input line 2953.
LaTeX Info: Redefining \] on input line 2954.
) (c:/Users/diego/AppData/Roaming/TinyTeX/texmf-dist/tex/latex/amsfonts/amssymb.sty
Package: amssymb 2013/01/14 v3.01 AMS font symbols
(c:/Users/diego/AppData/Roaming/TinyTeX/texmf-dist/tex/latex/amsfonts/amsfonts.sty
Package: amsfonts 2013/01/14 v3.01 Basic AMSFonts support
\symAMSa=\mathgroup6
\symAMSb=\mathgroup7
LaTeX Font Info:    Redeclaring math symbol \hbar on input line 98.
LaTeX Font Info:    Overwriting math alphabet `\mathfrak' in version `bold'
(Font)                  U/euf/m/n --> U/euf/b/n on input line 106.
)) (c:/Users/diego/AppData/Roaming/TinyTeX/texmf-dist/tex/latex/base/fontenc.sty
Package: fontenc 2021/04/29 v2.0v Standard LaTeX package
LaTeX Font Info:    Trying to load font information for T1+ptm on input line 112.
(c:/Users/diego/AppData/Roaming/TinyTeX/texmf-dist/tex/latex/psnfss/t1ptm.fd
File: t1ptm.fd 2001/06/04 font definitions for T1/ptm.
)) (c:/Users/diego/AppData/Roaming/TinyTeX/texmf-dist/tex/latex/base/inputenc.sty
Package: inputenc 2021/02/14 v1.3d Input encoding file
\inpenc@prehook=\toks24
\inpenc@posthook=\toks25
) (c:/Users/diego/AppData/Roaming/TinyTeX/texmf-dist/tex/latex/base/textcomp.sty
Package: textcomp 2020/02/02 v2.0n Standard LaTeX package
) (c:/Users/diego/AppData/Roaming/TinyTeX/texmf-dist/tex/latex/xcolor/xcolor.sty
Package: xcolor 2022/06/12 v2.14 LaTeX color extensions (UK)
(c:/Users/diego/AppData/Roaming/TinyTeX/texmf-dist/tex/latex/graphics-cfg/color.cfg
File: color.cfg 2016/01/02 v1.6 sample color configuration
)
Package xcolor Info: Driver file: pdftex.def on input line 227.
(c:/Users/diego/AppData/Roaming/TinyTeX/texmf-dist/tex/latex/graphics/mathcolor.ltx)
Package xcolor Info: Model `cmy' substituted by `cmy0' on input line 1353.
Package xcolor Info: Model `hsb' substituted by `rgb' on input line 1357.
Package xcolor Info: Model `RGB' extended on input line 1369.
Package xcolor Info: Model `HTML' substituted by `rgb' on input line 1371.
Package xcolor Info: Model `Hsb' substituted by `hsb' on input line 1372.
Package xcolor Info: Model `tHsb' substituted by `hsb' on input line 1373.
Package xcolor Info: Model `HSB' substituted by `hsb' on input line 1374.
Package xcolor Info: Model `Gray' substituted by `gray' on input line 1375.
Package xcolor Info: Model `wave' substituted by `hsb' on input line 1376.
)
\cslhangindent=\skip70
\csllabelwidth=\skip71
\cslentryspacingunit=\skip72
(c:/Users/diego/AppData/Roaming/TinyTeX/texmf-dist/tex/latex/tools/calc.sty
Package: calc 2017/05/25 v4.3 Infix arithmetic (KKT,FJ)
\calc@Acount=\count283
\calc@Bcount=\count284
\calc@Adimen=\dimen182
\calc@Bdimen=\dimen183
\calc@Askip=\skip73
\calc@Bskip=\skip74
LaTeX Info: Redefining \setlength on input line 80.
LaTeX Info: Redefining \addtolength on input line 81.
\calc@Ccount=\count285
\calc@Cskip=\skip75
) (c:/Users/diego/AppData/Roaming/TinyTeX/texmf-dist/tex/generic/babel/babel.sty
Package: babel 2023/07/15 v3.92 The Babel package
\babel@savecnt=\count286
\U@D=\dimen184
\l@unhyphenated=\language3
(c:/Users/diego/AppData/Roaming/TinyTeX/texmf-dist/tex/generic/babel/txtbabel.def)
\bbl@readstream=\read2
\bbl@dirlevel=\count287
Package babel Info: You haven't specified a language as a class or package
(babel)             option. I'll load 'nil'. Reported on input line 4285.
(c:/Users/diego/AppData/Roaming/TinyTeX/texmf-dist/tex/generic/babel/nil.ldf
Language: nil 2023/07/15 v3.92 Nil language
\l@nil=\language4
))
\everypar=\toks26
(c:/Users/diego/AppData/Roaming/TinyTeX/texmf-dist/tex/generic/babel/locale/en/babel-english.tex)
Package babel Info: Importing data for english
(babel)             from babel-en.ini. Reported on input line 90.
(c:/Users/diego/AppData/Roaming/TinyTeX/texmf-dist/tex/latex/was/upgreek.sty
Package: upgreek 2003/02/12 v2.0 (WaS)
Package upgreek Info: Using Euler Roman for upright Greek on input line 31.
\symugrf@m=\mathgroup8
LaTeX Font Info:    Overwriting symbol font `ugrf@m' in version `bold'
(Font)                  U/eur/m/n --> U/eur/b/n on input line 38.
) (c:/Users/diego/AppData/Roaming/TinyTeX/texmf-dist/tex/latex/tools/longtable.sty
Package: longtable 2021-09-01 v4.17 Multi-page Table package (DPC)
\LTleft=\skip76
\LTright=\skip77
\LTpre=\skip78
\LTpost=\skip79
\LTchunksize=\count288
\LTcapwidth=\dimen185
\LT@head=\box58
\LT@firsthead=\box59
\LT@foot=\box60
\LT@lastfoot=\box61
\LT@gbox=\box62
\LT@cols=\count289
\LT@rows=\count290
\c@LT@tables=\count291
\c@LT@chunks=\count292
\LT@p@ftn=\toks27
) (c:/Users/diego/AppData/Roaming/TinyTeX/texmf-dist/tex/latex/graphics/lscape.sty
Package: lscape 2020/05/28 v3.02 Landscape Pages (DPC)
) (c:/Users/diego/AppData/Roaming/TinyTeX/texmf-dist/tex/latex/multirow/multirow.sty
Package: multirow 2021/03/15 v2.8 Span multiple rows of a table
\multirow@colwidth=\skip80
\multirow@cntb=\count293
\multirow@dima=\skip81
\bigstrutjot=\dimen186
) (c:/Users/diego/AppData/Roaming/TinyTeX/texmf-dist/tex/latex/tools/tabularx.sty
Package: tabularx 2020/01/15 v2.11c `tabularx' package (DPC)
(c:/Users/diego/AppData/Roaming/TinyTeX/texmf-dist/tex/latex/tools/array.sty
Package: array 2022/09/04 v2.5g Tabular extension package (FMi)
\col@sep=\dimen187
\ar@mcellbox=\box63
\extrarowheight=\dimen188
\NC@list=\toks28
\extratabsurround=\skip82
\backup@length=\skip83
\ar@cellbox=\box64
)
\TX@col@width=\dimen189
\TX@old@table=\dimen190
\TX@old@col=\dimen191
\TX@target=\dimen192
\TX@delta=\dimen193
\TX@cols=\count294
\TX@ftn=\toks29
) (c:/Users/diego/AppData/Roaming/TinyTeX/texmf-dist/tex/latex/threeparttablex/threeparttablex.sty
Package: threeparttablex 2013/07/23 v0.3 by daleif
(c:/Users/diego/AppData/Roaming/TinyTeX/texmf-dist/tex/latex/environ/environ.sty
Package: environ 2014/05/04 v0.3 A new way to define environments
(c:/Users/diego/AppData/Roaming/TinyTeX/texmf-dist/tex/latex/trimspaces/trimspaces.sty
Package: trimspaces 2009/09/17 v1.1 Trim spaces around a token list
))
\TPTL@width=\skip84
)
\longtablewidth=\skip85
Failed to patch abstract.
Failed to patch title.
(c:/Users/diego/AppData/Roaming/TinyTeX/texmf-dist/tex/latex/xpatch/xpatch.sty (c:/Users/diego/AppData/Roaming/TinyTeX/texmf-dist/tex/latex/l3kernel/expl3.sty
Package: expl3 2023-06-30 L3 programming layer (loader) 
(c:/Users/diego/AppData/Roaming/TinyTeX/texmf-dist/tex/latex/l3backend/l3backend-pdftex.def
File: l3backend-pdftex.def 2023-04-19 L3 backend support: PDF output (pdfTeX)
\l__color_backend_stack_int=\count295
\l__pdf_internal_box=\box65
))
Package: xpatch 2020/03/25 v0.3a Extending etoolbox patching commands
(c:/Users/diego/AppData/Roaming/TinyTeX/texmf-dist/tex/latex/l3packages/xparse/xparse.sty
Package: xparse 2023-02-02 L3 Experimental document command parser
)) (c:/Users/diego/AppData/Roaming/TinyTeX/texmf-dist/tex/latex/dblfloatfix/dblfloatfix.sty
Package: dblfloatfix 2012/12/31 v1.0a (JAW)
(c:/Users/diego/AppData/Roaming/TinyTeX/texmf-dist/tex/latex/base/fixltx2e.sty
Package: fixltx2e 2016/12/29 v2.1a fixes to LaTeX (obsolete)
Applying: [2015/01/01] Old fixltx2e package on input line 46.

Package fixltx2e Warning: fixltx2e is not required with releases after 2015
(fixltx2e)                All fixes are now in the LaTeX kernel.
(fixltx2e)                See the latexrelease package for details.

Already applied: [0000/00/00] Old fixltx2e package on input line 53.
)
\@dblbotnum=\count296
\c@dblbotnumber=\count297
) (c:/Users/diego/AppData/Roaming/TinyTeX/texmf-dist/tex/latex/csquotes/csquotes.sty
Package: csquotes 2022-09-14 v5.2n context-sensitive quotations (JAW)
\csq@reset=\count298
\csq@gtype=\count299
\csq@glevel=\count300
\csq@qlevel=\count301
\csq@maxlvl=\count302
\csq@tshold=\count303
\csq@ltx@everypar=\toks30
(c:/Users/diego/AppData/Roaming/TinyTeX/texmf-dist/tex/latex/csquotes/csquotes.def
File: csquotes.def 2022-09-14 v5.2n csquotes generic definitions (JAW)
)
Package csquotes Info: Trying to load configuration file 'csquotes.cfg'...
Package csquotes Info: ... configuration file loaded successfully.
(c:/Users/diego/AppData/Roaming/TinyTeX/texmf-dist/tex/latex/csquotes/csquotes.cfg
File: csquotes.cfg 
)) (c:/Users/diego/AppData/Roaming/TinyTeX/texmf-dist/tex/latex/hyperref/hyperref.sty
Package: hyperref 2023-07-08 v7.01b Hypertext links for LaTeX
(c:/Users/diego/AppData/Roaming/TinyTeX/texmf-dist/tex/generic/ltxcmds/ltxcmds.sty
Package: ltxcmds 2020-05-10 v1.25 LaTeX kernel commands for general use (HO)
) (c:/Users/diego/AppData/Roaming/TinyTeX/texmf-dist/tex/generic/pdftexcmds/pdftexcmds.sty
Package: pdftexcmds 2020-06-27 v0.33 Utility functions of pdfTeX for LuaTeX (HO)
(c:/Users/diego/AppData/Roaming/TinyTeX/texmf-dist/tex/generic/infwarerr/infwarerr.sty
Package: infwarerr 2019/12/03 v1.5 Providing info/warning/error messages (HO)
)
Package pdftexcmds Info: \pdf@primitive is available.
Package pdftexcmds Info: \pdf@ifprimitive is available.
Package pdftexcmds Info: \pdfdraftmode found.
) (c:/Users/diego/AppData/Roaming/TinyTeX/texmf-dist/tex/latex/kvsetkeys/kvsetkeys.sty
Package: kvsetkeys 2022-10-05 v1.19 Key value parser (HO)
) (c:/Users/diego/AppData/Roaming/TinyTeX/texmf-dist/tex/generic/kvdefinekeys/kvdefinekeys.sty
Package: kvdefinekeys 2019-12-19 v1.6 Define keys (HO)
) (c:/Users/diego/AppData/Roaming/TinyTeX/texmf-dist/tex/generic/pdfescape/pdfescape.sty
Package: pdfescape 2019/12/09 v1.15 Implements pdfTeX's escape features (HO)
) (c:/Users/diego/AppData/Roaming/TinyTeX/texmf-dist/tex/latex/hycolor/hycolor.sty
Package: hycolor 2020-01-27 v1.10 Color options for hyperref/bookmark (HO)
) (c:/Users/diego/AppData/Roaming/TinyTeX/texmf-dist/tex/latex/letltxmacro/letltxmacro.sty
Package: letltxmacro 2019/12/03 v1.6 Let assignment for LaTeX macros (HO)
) (c:/Users/diego/AppData/Roaming/TinyTeX/texmf-dist/tex/latex/auxhook/auxhook.sty
Package: auxhook 2019-12-17 v1.6 Hooks for auxiliary files (HO)
) (c:/Users/diego/AppData/Roaming/TinyTeX/texmf-dist/tex/latex/hyperref/nameref.sty
Package: nameref 2023-08-07 v2.53 Cross-referencing by name of section
(c:/Users/diego/AppData/Roaming/TinyTeX/texmf-dist/tex/latex/refcount/refcount.sty
Package: refcount 2019/12/15 v3.6 Data extraction from label references (HO)
) (c:/Users/diego/AppData/Roaming/TinyTeX/texmf-dist/tex/generic/gettitlestring/gettitlestring.sty
Package: gettitlestring 2019/12/15 v1.6 Cleanup title references (HO)
(c:/Users/diego/AppData/Roaming/TinyTeX/texmf-dist/tex/latex/kvoptions/kvoptions.sty
Package: kvoptions 2022-06-15 v3.15 Key value format for package options (HO)
))
\c@section@level=\count304
)
\@linkdim=\dimen194
\Hy@linkcounter=\count305
\Hy@pagecounter=\count306
(c:/Users/diego/AppData/Roaming/TinyTeX/texmf-dist/tex/latex/hyperref/pd1enc.def
File: pd1enc.def 2023-07-08 v7.01b Hyperref: PDFDocEncoding definition (HO)
Now handling font encoding PD1 ...
... no UTF-8 mapping file for font encoding PD1
) (c:/Users/diego/AppData/Roaming/TinyTeX/texmf-dist/tex/generic/intcalc/intcalc.sty
Package: intcalc 2019/12/15 v1.3 Expandable calculations with integers (HO)
)
\Hy@SavedSpaceFactor=\count307
(c:/Users/diego/AppData/Roaming/TinyTeX/texmf-dist/tex/latex/hyperref/puenc.def
File: puenc.def 2023-07-08 v7.01b Hyperref: PDF Unicode definition (HO)
Now handling font encoding PU ...
... no UTF-8 mapping file for font encoding PU
)
Package hyperref Info: Option `unicode' set `true' on input line 4050.
Package hyperref Info: Hyper figures OFF on input line 4167.
Package hyperref Info: Link nesting OFF on input line 4172.
Package hyperref Info: Hyper index ON on input line 4175.
Package hyperref Info: Plain pages OFF on input line 4182.
Package hyperref Info: Backreferencing OFF on input line 4187.
Package hyperref Info: Implicit mode ON; LaTeX internals redefined.
Package hyperref Info: Bookmarks ON on input line 4434.
\c@Hy@tempcnt=\count308
(c:/Users/diego/AppData/Roaming/TinyTeX/texmf-dist/tex/latex/url/url.sty
\Urlmuskip=\muskip17
Package: url 2013/09/16  ver 3.4  Verb mode for urls, etc.
)
LaTeX Info: Redefining \url on input line 4772.
\XeTeXLinkMargin=\dimen195
(c:/Users/diego/AppData/Roaming/TinyTeX/texmf-dist/tex/generic/bitset/bitset.sty
Package: bitset 2019/12/09 v1.3 Handle bit-vector datatype (HO)
(c:/Users/diego/AppData/Roaming/TinyTeX/texmf-dist/tex/generic/bigintcalc/bigintcalc.sty
Package: bigintcalc 2019/12/15 v1.5 Expandable calculations on big integers (HO)
))
\Fld@menulength=\count309
\Field@Width=\dimen196
\Fld@charsize=\dimen197
Package hyperref Info: Hyper figures OFF on input line 6051.
Package hyperref Info: Link nesting OFF on input line 6056.
Package hyperref Info: Hyper index ON on input line 6059.
Package hyperref Info: backreferencing OFF on input line 6066.
Package hyperref Info: Link coloring OFF on input line 6071.
Package hyperref Info: Link coloring with OCG OFF on input line 6076.
Package hyperref Info: PDF/A mode OFF on input line 6081.
(c:/Users/diego/AppData/Roaming/TinyTeX/texmf-dist/tex/latex/base/atbegshi-ltx.sty
Package: atbegshi-ltx 2021/01/10 v1.0c Emulation of the original atbegshi
package with kernel methods
)
\Hy@abspage=\count310
\c@Item=\count311
\c@Hfootnote=\count312
)
Package hyperref Info: Driver (autodetected): hpdftex.
(c:/Users/diego/AppData/Roaming/TinyTeX/texmf-dist/tex/latex/hyperref/hpdftex.def
File: hpdftex.def 2023-07-08 v7.01b Hyperref driver for pdfTeX
(c:/Users/diego/AppData/Roaming/TinyTeX/texmf-dist/tex/latex/base/atveryend-ltx.sty
Package: atveryend-ltx 2020/08/19 v1.0a Emulation of the original atveryend package
with kernel methods
)
\Fld@listcount=\count313
\c@bookmark@seq@number=\count314
(c:/Users/diego/AppData/Roaming/TinyTeX/texmf-dist/tex/latex/rerunfilecheck/rerunfilecheck.sty
Package: rerunfilecheck 2022-07-10 v1.10 Rerun checks for auxiliary files (HO)
(c:/Users/diego/AppData/Roaming/TinyTeX/texmf-dist/tex/generic/uniquecounter/uniquecounter.sty
Package: uniquecounter 2019/12/15 v1.4 Provide unlimited unique counter (HO)
)
Package uniquecounter Info: New unique counter `rerunfilecheck' on input line 285.
)
\Hy@SectionHShift=\skip86
)
Package csquotes Info: Checking for multilingual support...
Package csquotes Info: ... found 'babel' package.
Package csquotes Info: Adjusting default style.
Package csquotes Info: Redefining alias 'default' -> 'english'.
(./ICC_project.aux)
\openout1 = `ICC_project.aux'.

LaTeX Font Info:    Checking defaults for OML/cmm/m/it on input line 198.
LaTeX Font Info:    ... okay on input line 198.
LaTeX Font Info:    Checking defaults for OMS/cmsy/m/n on input line 198.
LaTeX Font Info:    ... okay on input line 198.
LaTeX Font Info:    Checking defaults for OT1/cmr/m/n on input line 198.
LaTeX Font Info:    ... okay on input line 198.
LaTeX Font Info:    Checking defaults for T1/cmr/m/n on input line 198.
LaTeX Font Info:    ... okay on input line 198.
LaTeX Font Info:    Checking defaults for TS1/cmr/m/n on input line 198.
LaTeX Font Info:    ... okay on input line 198.
LaTeX Font Info:    Checking defaults for OMX/cmex/m/n on input line 198.
LaTeX Font Info:    ... okay on input line 198.
LaTeX Font Info:    Checking defaults for U/cmr/m/n on input line 198.
LaTeX Font Info:    ... okay on input line 198.
LaTeX Font Info:    Checking defaults for PD1/pdf/m/n on input line 198.
LaTeX Font Info:    ... okay on input line 198.
LaTeX Font Info:    Checking defaults for PU/pdf/m/n on input line 198.
LaTeX Font Info:    ... okay on input line 198.
*geometry* driver: auto-detecting
*geometry* detected driver: pdftex
*geometry* verbose mode - [ preamble ] result:
* driver: pdftex
* paper: <default>
* layout: <same size as paper>
* layoutoffset:(h,v)=(0.0pt,0.0pt)
* modes: twoside 
* h-part:(L,W,R)=(72.26999pt, 469.75502pt, 72.26999pt)
* v-part:(T,H,B)=(72.26999pt, 650.43001pt, 72.26999pt)
* \paperwidth=614.295pt
* \paperheight=794.96999pt
* \textwidth=501.55397pt
* \textheight=643.20255pt
* \oddsidemargin=-18.06749pt
* \evensidemargin=-18.06749pt
* \topmargin=-19.8738pt
* \headheight=13.4457pt
* \headsep=13.72546pt
* \topskip=10.0pt
* \footskip=30.0pt
* \marginparwidth=121.0pt
* \marginparsep=11.0pt
* \columnsep=18.06749pt
* \skip\footins=10.0pt plus 5.0pt minus 3.0pt
* \hoffset=0.0pt
* \voffset=0.0pt
* \mag=1000
* \@twocolumnfalse
* \@twosidetrue
* \@mparswitchtrue
* \@reversemarginfalse
* (1in=72.27pt=25.4mm, 1cm=28.453pt)

(c:/Users/diego/AppData/Roaming/TinyTeX/texmf-dist/tex/latex/epstopdf-pkg/epstopdf-base.sty
Package: epstopdf-base 2020-01-24 v2.11 Base part for package epstopdf
Package epstopdf-base Info: Redefining graphics rule for `.eps' on input line 485.
(c:/Users/diego/AppData/Roaming/TinyTeX/texmf-dist/tex/latex/latexconfig/epstopdf-sys.cfg
File: epstopdf-sys.cfg 2010/07/13 v1.3 Configuration of (r)epstopdf for TeX Live
)) (c:/Users/diego/AppData/Roaming/TinyTeX/texmf-dist/tex/latex/apa6/config/APAamerican.txt
File: APAamerican.txt 2012/02/23 v1.25 apa6 configuration for American English
)
Package caption Info: Begin \AtBeginDocument code.
Package caption Info: hyperref package is loaded.
Package caption Info: longtable package is loaded.
(c:/Users/diego/AppData/Roaming/TinyTeX/texmf-dist/tex/latex/caption/ltcaption.sty
Package: ltcaption 2021/01/08 v1.4c longtable captions (AR)
)
Package caption Info: End \AtBeginDocument code.
Package hyperref Info: Link coloring OFF on input line 198.
(./ICC_project.out) (./ICC_project.out)
\@outlinefile=\write3
\openout3 = `ICC_project.out'.

LaTeX Font Info:    Trying to load font information for OT1+ptmcm on input line 200.
(c:/Users/diego/AppData/Roaming/TinyTeX/texmf-dist/tex/latex/psnfss/ot1ptmcm.fd
File: ot1ptmcm.fd 2000/01/03 Fontinst v1.801 font definitions for OT1/ptmcm.
)
LaTeX Font Info:    Trying to load font information for OML+ptmcm on input line 200.
(c:/Users/diego/AppData/Roaming/TinyTeX/texmf-dist/tex/latex/psnfss/omlptmcm.fd
File: omlptmcm.fd 2000/01/03 Fontinst v1.801 font definitions for OML/ptmcm.
)
LaTeX Font Info:    Trying to load font information for OMS+pzccm on input line 200.
(c:/Users/diego/AppData/Roaming/TinyTeX/texmf-dist/tex/latex/psnfss/omspzccm.fd
File: omspzccm.fd 2000/01/03 Fontinst v1.801 font definitions for OMS/pzccm.
)
LaTeX Font Info:    Trying to load font information for OMX+psycm on input line 200.
(c:/Users/diego/AppData/Roaming/TinyTeX/texmf-dist/tex/latex/psnfss/omxpsycm.fd
File: omxpsycm.fd 2000/01/03 Fontinst v1.801 font definitions for OMX/psycm.
)
LaTeX Font Info:    Trying to load font information for OT1+ptm on input line 200.
(c:/Users/diego/AppData/Roaming/TinyTeX/texmf-dist/tex/latex/psnfss/ot1ptm.fd
File: ot1ptm.fd 2001/06/04 font definitions for OT1/ptm.
)
LaTeX Font Info:    Font shape `OT1/ptm/bx/n' in size <12> not available
(Font)              Font shape `OT1/ptm/b/n' tried instead on input line 200.
LaTeX Font Info:    Font shape `OT1/ptm/bx/n' in size <9> not available
(Font)              Font shape `OT1/ptm/b/n' tried instead on input line 200.
LaTeX Font Info:    Font shape `OT1/ptm/bx/n' in size <7> not available
(Font)              Font shape `OT1/ptm/b/n' tried instead on input line 200.
LaTeX Font Info:    Trying to load font information for U+msa on input line 200.
(c:/Users/diego/AppData/Roaming/TinyTeX/texmf-dist/tex/latex/amsfonts/umsa.fd
File: umsa.fd 2013/01/14 v3.01 AMS symbols A
)
LaTeX Font Info:    Trying to load font information for U+msb on input line 200.
(c:/Users/diego/AppData/Roaming/TinyTeX/texmf-dist/tex/latex/amsfonts/umsb.fd
File: umsb.fd 2013/01/14 v3.01 AMS symbols B
)
LaTeX Font Info:    Font shape `OT1/ptm/bx/n' in size <10> not available
(Font)              Font shape `OT1/ptm/b/n' tried instead on input line 200.
LaTeX Font Info:    Font shape `OT1/ptm/bx/n' in size <7.4> not available
(Font)              Font shape `OT1/ptm/b/n' tried instead on input line 200.
LaTeX Font Info:    Font shape `OT1/ptm/bx/n' in size <6> not available
(Font)              Font shape `OT1/ptm/b/n' tried instead on input line 200.
LaTeX Font Info:    Trying to load font information for T1+pcr on input line 200.
(c:/Users/diego/AppData/Roaming/TinyTeX/texmf-dist/tex/latex/psnfss/t1pcr.fd
File: t1pcr.fd 2001/06/04 font definitions for T1/pcr.
)
LaTeX Font Info:    Font shape `OT1/ptm/bx/n' in size <5> not available
(Font)              Font shape `OT1/ptm/b/n' tried instead on input line 200.
<ICC_project_files/figure-latex/example-1.pdf, id=65, 469.755pt x 325.215pt>
File: ICC_project_files/figure-latex/example-1.pdf Graphic file (type pdf)
<use ICC_project_files/figure-latex/example-1.pdf>
Package pdftex.def Info: ICC_project_files/figure-latex/example-1.pdf  used on input line 202.
(pdftex.def)             Requested size: 241.74374pt x 167.36105pt.

Underfull \vbox (badness 10000) has occurred while \output is active []

[1{c:/Users/diego/AppData/Roaming/TinyTeX/texmf-var/fonts/map/pdftex/updmap/pdftex.map}{c:/Users/diego/AppData/Roaming/TinyTeX/texmf-dist/fonts/enc/dvips/base/8r.enc}


]
Underfull \vbox (badness 10000) has occurred while \output is active []

[2 <./ICC_project_files/figure-latex/example-1.pdf>]
<ICC_project_files/figure-latex/simulatedgraphs-1.pdf, id=102, 469.755pt x 325.215pt>
File: ICC_project_files/figure-latex/simulatedgraphs-1.pdf Graphic file (type pdf)
<use ICC_project_files/figure-latex/simulatedgraphs-1.pdf>
Package pdftex.def Info: ICC_project_files/figure-latex/simulatedgraphs-1.pdf  used on input line 257.
(pdftex.def)             Requested size: 241.74374pt x 167.36105pt.
[3 <./ICC_project_files/figure-latex/simulatedgraphs-1.pdf>]

Package hyperref Warning: Difference (2) between bookmark levels is greater 
(hyperref)                than one, level fixed on input line 312.


Overfull \hbox (28954.25676pt too wide) in paragraph at lines 723--723
[]\T1/pcr/m/n/10 ## Iteration: 1, Log-Lik: -489327.130, Max-Change: 1.17416Iteration: 2, Log-Lik: -469788.775, Max-Change: 0.37620Iteration: 3, Log-Lik: -468634.883, Max-Change: 0.20397Iteration: 4, Log-Lik: -467874.535, Max-Change: 0.17494Iteration: 5, Log-Lik: -467193.953, Max-Change: 0.14652Iteration: 6, Log-Lik: -466779.316, Max-Change: 0.18203Iteration: 7, Log-Lik: -466457.865, Max-Change: 0.12679Iteration: 8, Log-Lik: -466185.053, Max-Change: 0.21246Iteration: 9, Log-Lik: -465979.616, Max-Change: 0.12874Iteration: 10, Log-Lik: -465781.416, Max-Change: 0.16724Iteration: 11, Log-Lik: -465638.502, Max-Change: 0.17554Iteration: 12, Log-Lik: -465518.271, Max-Change: 0.16207Iteration: 13, Log-Lik: -465417.134, Max-Change: 0.15501Iteration: 14, Log-Lik: -465328.505, Max-Change: 0.20965Iteration: 15, Log-Lik: -465241.958, Max-Change: 0.21315Iteration: 16, Log-Lik: -465146.021, Max-Change: 0.14391Iteration: 17, Log-Lik: -465077.478, Max-Change: 0.15163Iteration: 18, Log-Lik: -465023.895, Max-Change: 0.14181Iteration: 19, Log-Lik: -464976.919, Max-Change: 0.13242Iteration: 20, Log-Lik: -464936.454, Max-Change: 0.11597Iteration: 21, Log-Lik: -464899.856, Max-Change: 0.12111Iteration: 22, Log-Lik: -464868.518, Max-Change: 0.08595Iteration: 23, Log-Lik: -464839.042, Max-Change: 0.14069Iteration: 24, Log-Lik: -464814.698, Max-Change: 0.10092Iteration: 25, Log-Lik: -464790.048, Max-Change: 0.16151Iteration: 26, Log-Lik: -464770.315, Max-Change: 0.10485Iteration: 27, Log-Lik: -464747.307, Max-Change: 0.16839Iteration: 28, Log-Lik: -464726.958, Max-Change: 0.07979Iteration: 29, Log-Lik: -464709.290, Max-Change: 0.12572Iteration: 30, Log-Lik: -464694.857, Max-Change: 0.07725Iteration: 31, Log-Lik: -464679.665, Max-Change: 0.12508Iteration: 32, Log-Lik: -464667.254, Max-Change: 0.05857Iteration: 33, Log-Lik: -464656.652, Max-Change: 0.09708Iteration: 34, Log-Lik: -464648.280, Max-Change: 0.05723Iteration: 35, Log-Lik: -464639.185, Max-Change: 0.09532Iteration: 36, Log-Lik: -464631.961, Max-Change: 0.01845Iteration: 37, Log-Lik: -464623.509, Max-Change: 0.05459Iteration: 38, Log-Lik: -464618.882, Max-Change: 0.04734Iteration: 39, Log-Lik: -464614.333, Max-Change: 0.06414Iteration: 40, Log-Lik: -464610.914, Max-Change: 0.01408Iteration: 41, Log-Lik: -464605.874, Max-Change: 0.01440Iteration: 42, Log-Lik: -464602.042, Max-Change: 0.01456Iteration: 43, Log-Lik: -464585.903, Max-Change: 0.01272Iteration: 44, Log-Lik: -464584.728, Max-Change: 0.00939Iteration: 45, Log-Lik: -464583.720, Max-Change: 0.00854Iteration: 46, Log-Lik: -464579.421, Max-Change: 0.00306Iteration: 47, Log-Lik: -464579.117, Max-Change: 0.00424Iteration: 48, Log-Lik: -464578.855, Max-Change: 0.00372Iteration: 49, Log-Lik: -464578.002, Max-Change: 0.00373Iteration: 50, Log-Lik: -464577.832, Max-Change: 0.00259Iteration: 51, Log-Lik: -464577.678, Max-Change: 0.00358Iteration: 52, Log-Lik: -464577.499, Max-Change: 0.00147Iteration: 53, Log-Lik: -464577.426, Max-Change: 0.00162Iteration: 54, Log-Lik: -464577.374, Max-Change: 0.00129Iteration: 55, Log-Lik: -464577.237, Max-Change: 0.00253Iteration: 56, Log-Lik: -464577.173, Max-Change: 0.00118Iteration: 57, Log-Lik: -464577.126, Max-Change: 0.00135Iteration: 58, Log-Lik: -464576.972, Max-Change: 0.00128Iteration: 59, Log-Lik: -464576.925, Max-Change: 0.00130Iteration: 60, Log-Lik: -464576.887, Max-Change: 0.00115Iteration: 61, Log-Lik: -464576.697, Max-Change: 0.00108Iteration: 62, Log-Lik: -464576.675, Max-Change: 0.00068Iteration: 63, Log-Lik: -464576.654, Max-Change: 0.00074Iteration: 64, Log-Lik: -464576.546, Max-Change: 0.00060Iteration: 65, Log-Lik: -464576.539, Max-Change: 0.00020Iteration: 66, Log-Lik: -464576.534, Max-Change: 0.00019Iteration: 67, Log-Lik: -464576.509, Max-Change: 0.00142Iteration: 68, Log-Lik: -464576.490, Max-Change: 0.00035Iteration: 69, Log-Lik: -464576.486, Max-Change: 0.00017Iteration: 70, Log-Lik: -464576.476, Max-Change: 0.00096Iteration: 71, Log-Lik: -464576.460, Max-Change: 0.00025Iteration: 72, Log-Lik: -464576.457, Max-Change: 0.00019Iteration: 73, Log-Lik: -464576.445, Max-Change: 0.00091Iteration: 74, Log-Lik: -464576.431, Max-Change: 0.00032Iteration: 75, Log-Lik: -464576.428, Max-Change: 0.00017Iteration: 76, Log-Lik: -464576.420, Max-Change: 0.00086Iteration: 77, Log-Lik: -464576.408, Max-Change: 0.00025Iteration: 78, Log-Lik: -464576.405, Max-Change: 0.00082Iteration: 79, Log-Lik: -464576.391, Max-Change: 0.00020Iteration: 80, Log-Lik: -464576.388, Max-Change: 0.00079Iteration: 81, Log-Lik: -464576.378, Max-Change: 0.00016Iteration: 82, Log-Lik: -464576.378, Max-Change: 0.00015Iteration: 83, Log-Lik: -464576.375, Max-Change: 0.00076Iteration: 84, Log-Lik: -464576.366, Max-Change: 0.00074Iteration: 85, Log-Lik: -464576.340, Max-Change: 0.00106Iteration: 86, Log-Lik: -464576.329, Max-Change: 0.00033Iteration: 87, Log-Lik: -464576.327, Max-Change: 0.00009[] 
 []

[4]
Underfull \vbox (badness 10000) has occurred while \output is active []


Overfull \hbox (5098.25676pt too wide) in paragraph at lines 723--723
[]\T1/pcr/m/n/10 ## Iteration: 1, Log-Lik: -238406.482, Max-Change: 0.54194Iteration: 2, Log-Lik: -235675.950, Max-Change: 0.18596Iteration: 3, Log-Lik: -235441.786, Max-Change: 0.06380Iteration: 4, Log-Lik: -235388.758, Max-Change: 0.04394Iteration: 5, Log-Lik: -235359.998, Max-Change: 0.03578Iteration: 6, Log-Lik: -235342.774, Max-Change: 0.02368Iteration: 7, Log-Lik: -235333.784, Max-Change: 0.01702Iteration: 8, Log-Lik: -235328.707, Max-Change: 0.01278Iteration: 9, Log-Lik: -235325.781, Max-Change: 0.01013Iteration: 10, Log-Lik: -235321.499, Max-Change: 0.00246Iteration: 11, Log-Lik: -235321.448, Max-Change: 0.00138Iteration: 12, Log-Lik: -235321.433, Max-Change: 0.00083Iteration: 13, Log-Lik: -235321.418, Max-Change: 0.00028Iteration: 14, Log-Lik: -235321.416, Max-Change: 0.00012Iteration: 15, Log-Lik: -235321.415, Max-Change: 0.00011Iteration: 16, Log-Lik: -235321.412, Max-Change: 0.00009[] 
 []


Underfull \vbox (badness 10000) has occurred while \output is active []

[5]
Overfull \hbox (7786.25676pt too wide) in paragraph at lines 723--723
[]\T1/pcr/m/n/10 ## Iteration: 1, Log-Lik: -206119.950, Max-Change: 0.45550Iteration: 2, Log-Lik: -204703.235, Max-Change: 0.17689Iteration: 3, Log-Lik: -204543.730, Max-Change: 0.07766Iteration: 4, Log-Lik: -204488.227, Max-Change: 0.04568Iteration: 5, Log-Lik: -204462.138, Max-Change: 0.02917Iteration: 6, Log-Lik: -204449.368, Max-Change: 0.02094Iteration: 7, Log-Lik: -204442.263, Max-Change: 0.01543Iteration: 8, Log-Lik: -204438.269, Max-Change: 0.01169Iteration: 9, Log-Lik: -204435.897, Max-Change: 0.00876Iteration: 10, Log-Lik: -204432.888, Max-Change: 0.00368Iteration: 11, Log-Lik: -204432.576, Max-Change: 0.00266Iteration: 12, Log-Lik: -204432.386, Max-Change: 0.00138Iteration: 13, Log-Lik: -204432.183, Max-Change: 0.00124Iteration: 14, Log-Lik: -204432.109, Max-Change: 0.00109Iteration: 15, Log-Lik: -204432.052, Max-Change: 0.00097Iteration: 16, Log-Lik: -204431.919, Max-Change: 0.00056Iteration: 17, Log-Lik: -204431.902, Max-Change: 0.00057Iteration: 18, Log-Lik: -204431.889, Max-Change: 0.00054Iteration: 19, Log-Lik: -204431.838, Max-Change: 0.00017Iteration: 20, Log-Lik: -204431.837, Max-Change: 0.00017Iteration: 21, Log-Lik: -204431.835, Max-Change: 0.00016Iteration: 22, Log-Lik: -204431.829, Max-Change: 0.00011Iteration: 23, Log-Lik: -204431.828, Max-Change: 0.00010Iteration: 24, Log-Lik: -204431.828, Max-Change: 0.00009[] 
 []


Underfull \vbox (badness 10000) has occurred while \output is active []


Overfull \hbox (6442.25676pt too wide) in paragraph at lines 723--723
[]\T1/pcr/m/n/10 ## Iteration: 1, Log-Lik: -234309.847, Max-Change: 0.61142Iteration: 2, Log-Lik: -232156.052, Max-Change: 0.20782Iteration: 3, Log-Lik: -232026.525, Max-Change: 0.07799Iteration: 4, Log-Lik: -231990.922, Max-Change: 0.04750Iteration: 5, Log-Lik: -231974.699, Max-Change: 0.03042Iteration: 6, Log-Lik: -231966.726, Max-Change: 0.01805Iteration: 7, Log-Lik: -231962.294, Max-Change: 0.01248Iteration: 8, Log-Lik: -231959.742, Max-Change: 0.00946Iteration: 9, Log-Lik: -231958.240, Max-Change: 0.00709Iteration: 10, Log-Lik: -231955.977, Max-Change: 0.00232Iteration: 11, Log-Lik: -231955.835, Max-Change: 0.00152Iteration: 12, Log-Lik: -231955.732, Max-Change: 0.00142Iteration: 13, Log-Lik: -231955.401, Max-Change: 0.00094Iteration: 14, Log-Lik: -231955.390, Max-Change: 0.00065Iteration: 15, Log-Lik: -231955.381, Max-Change: 0.00055Iteration: 16, Log-Lik: -231955.351, Max-Change: 0.00016Iteration: 17, Log-Lik: -231955.349, Max-Change: 0.00013Iteration: 18, Log-Lik: -231955.348, Max-Change: 0.00013Iteration: 19, Log-Lik: -231955.344, Max-Change: 0.00010Iteration: 20, Log-Lik: -231955.343, Max-Change: 0.00008[] 
 []


Underfull \vbox (badness 10000) has occurred while \output is active []

[6]
Overfull \hbox (16186.25676pt too wide) in paragraph at lines 723--723
[]\T1/pcr/m/n/10 ## Iteration: 1, Log-Lik: -216334.798, Max-Change: 0.72867Iteration: 2, Log-Lik: -212161.069, Max-Change: 0.35941Iteration: 3, Log-Lik: -211424.766, Max-Change: 0.18254Iteration: 4, Log-Lik: -211034.884, Max-Change: 0.13759Iteration: 5, Log-Lik: -210825.117, Max-Change: 0.10659Iteration: 6, Log-Lik: -210705.125, Max-Change: 0.07765Iteration: 7, Log-Lik: -210630.027, Max-Change: 0.06228Iteration: 8, Log-Lik: -210583.543, Max-Change: 0.04985Iteration: 9, Log-Lik: -210553.343, Max-Change: 0.04124Iteration: 10, Log-Lik: -210532.636, Max-Change: 0.03418Iteration: 11, Log-Lik: -210518.499, Max-Change: 0.02896Iteration: 12, Log-Lik: -210508.512, Max-Change: 0.02395Iteration: 13, Log-Lik: -210501.359, Max-Change: 0.02055Iteration: 14, Log-Lik: -210496.082, Max-Change: 0.01965Iteration: 15, Log-Lik: -210491.801, Max-Change: 0.01366Iteration: 16, Log-Lik: -210482.761, Max-Change: 0.00655Iteration: 17, Log-Lik: -210481.262, Max-Change: 0.00542Iteration: 18, Log-Lik: -210479.942, Max-Change: 0.00466Iteration: 19, Log-Lik: -210474.192, Max-Change: 0.00368Iteration: 20, Log-Lik: -210473.711, Max-Change: 0.00356Iteration: 21, Log-Lik: -210473.277, Max-Change: 0.00394Iteration: 22, Log-Lik: -210471.341, Max-Change: 0.00320Iteration: 23, Log-Lik: -210471.136, Max-Change: 0.00230Iteration: 24, Log-Lik: -210470.962, Max-Change: 0.00263Iteration: 25, Log-Lik: -210470.322, Max-Change: 0.00180Iteration: 26, Log-Lik: -210470.219, Max-Change: 0.00188Iteration: 27, Log-Lik: -210470.122, Max-Change: 0.00150Iteration: 28, Log-Lik: -210469.901, Max-Change: 0.00164Iteration: 29, Log-Lik: -210469.836, Max-Change: 0.00154Iteration: 30, Log-Lik: -210469.777, Max-Change: 0.00138Iteration: 31, Log-Lik: -210469.501, Max-Change: 0.00099Iteration: 32, Log-Lik: -210469.481, Max-Change: 0.00080Iteration: 33, Log-Lik: -210469.460, Max-Change: 0.00077Iteration: 34, Log-Lik: -210469.361, Max-Change: 0.00059Iteration: 35, Log-Lik: -210469.350, Max-Change: 0.00056Iteration: 36, Log-Lik: -210469.340, Max-Change: 0.00052Iteration: 37, Log-Lik: -210469.296, Max-Change: 0.00019Iteration: 38, Log-Lik: -210469.294, Max-Change: 0.00017Iteration: 39, Log-Lik: -210469.291, Max-Change: 0.00018Iteration: 40, Log-Lik: -210469.278, Max-Change: 0.00020Iteration: 41, Log-Lik: -210469.277, Max-Change: 0.00018Iteration: 42, Log-Lik: -210469.275, Max-Change: 0.00016Iteration: 43, Log-Lik: -210469.267, Max-Change: 0.00012Iteration: 44, Log-Lik: -210469.267, Max-Change: 0.00012Iteration: 45, Log-Lik: -210469.266, Max-Change: 0.00012Iteration: 46, Log-Lik: -210469.261, Max-Change: 0.00011Iteration: 47, Log-Lik: -210469.260, Max-Change: 0.00011Iteration: 48, Log-Lik: -210469.260, Max-Change: 0.00010Iteration: 49, Log-Lik: -210469.257, Max-Change: 0.00008[] 
 []


Underfull \vbox (badness 10000) has occurred while \output is active []


Overfull \hbox (11482.25676pt too wide) in paragraph at lines 723--723
[]\T1/pcr/m/n/10 ## Iteration: 1, Log-Lik: -196312.294, Max-Change: 0.63593Iteration: 2, Log-Lik: -193358.833, Max-Change: 0.22161Iteration: 3, Log-Lik: -193046.826, Max-Change: 0.11391Iteration: 4, Log-Lik: -192893.830, Max-Change: 0.08660Iteration: 5, Log-Lik: -192814.916, Max-Change: 0.08665Iteration: 6, Log-Lik: -192770.115, Max-Change: 0.04292Iteration: 7, Log-Lik: -192743.636, Max-Change: 0.03677Iteration: 8, Log-Lik: -192728.736, Max-Change: 0.03224Iteration: 9, Log-Lik: -192720.169, Max-Change: 0.02163Iteration: 10, Log-Lik: -192715.082, Max-Change: 0.01751Iteration: 11, Log-Lik: -192711.897, Max-Change: 0.01208Iteration: 12, Log-Lik: -192709.777, Max-Change: 0.00942Iteration: 13, Log-Lik: -192705.820, Max-Change: 0.00331Iteration: 14, Log-Lik: -192705.382, Max-Change: 0.00273Iteration: 15, Log-Lik: -192705.026, Max-Change: 0.00238Iteration: 16, Log-Lik: -192703.883, Max-Change: 0.00263Iteration: 17, Log-Lik: -192703.765, Max-Change: 0.00157Iteration: 18, Log-Lik: -192703.681, Max-Change: 0.00195Iteration: 19, Log-Lik: -192703.332, Max-Change: 0.00128Iteration: 20, Log-Lik: -192703.307, Max-Change: 0.00061Iteration: 21, Log-Lik: -192703.289, Max-Change: 0.00096Iteration: 22, Log-Lik: -192703.260, Max-Change: 0.00051Iteration: 23, Log-Lik: -192703.247, Max-Change: 0.00069Iteration: 24, Log-Lik: -192703.238, Max-Change: 0.00038Iteration: 25, Log-Lik: -192703.223, Max-Change: 0.00068Iteration: 26, Log-Lik: -192703.217, Max-Change: 0.00045Iteration: 27, Log-Lik: -192703.211, Max-Change: 0.00021Iteration: 28, Log-Lik: -192703.208, Max-Change: 0.00021Iteration: 29, Log-Lik: -192703.205, Max-Change: 0.00021Iteration: 30, Log-Lik: -192703.202, Max-Change: 0.00021Iteration: 31, Log-Lik: -192703.190, Max-Change: 0.00017Iteration: 32, Log-Lik: -192703.189, Max-Change: 0.00015Iteration: 33, Log-Lik: -192703.188, Max-Change: 0.00014Iteration: 34, Log-Lik: -192703.183, Max-Change: 0.00010Iteration: 35, Log-Lik: -192703.183, Max-Change: 0.00010[] 
 []


Underfull \vbox (badness 10000) has occurred while \output is active []

[7]
Overfull \hbox (9466.25676pt too wide) in paragraph at lines 723--723
[]\T1/pcr/m/n/10 ## Iteration: 1, Log-Lik: -227538.254, Max-Change: 0.55498Iteration: 2, Log-Lik: -225587.388, Max-Change: 0.20922Iteration: 3, Log-Lik: -225367.717, Max-Change: 0.09237Iteration: 4, Log-Lik: -225275.357, Max-Change: 0.06432Iteration: 5, Log-Lik: -225223.926, Max-Change: 0.05332Iteration: 6, Log-Lik: -225195.363, Max-Change: 0.03729Iteration: 7, Log-Lik: -225179.864, Max-Change: 0.03180Iteration: 8, Log-Lik: -225170.798, Max-Change: 0.02119Iteration: 9, Log-Lik: -225165.435, Max-Change: 0.01545Iteration: 10, Log-Lik: -225162.082, Max-Change: 0.01182Iteration: 11, Log-Lik: -225159.917, Max-Change: 0.00930Iteration: 12, Log-Lik: -225158.499, Max-Change: 0.00706Iteration: 13, Log-Lik: -225155.717, Max-Change: 0.00224Iteration: 14, Log-Lik: -225155.491, Max-Change: 0.00213Iteration: 15, Log-Lik: -225155.304, Max-Change: 0.00198Iteration: 16, Log-Lik: -225154.586, Max-Change: 0.00143Iteration: 17, Log-Lik: -225154.549, Max-Change: 0.00106Iteration: 18, Log-Lik: -225154.517, Max-Change: 0.00103Iteration: 19, Log-Lik: -225154.383, Max-Change: 0.00049Iteration: 20, Log-Lik: -225154.374, Max-Change: 0.00040Iteration: 21, Log-Lik: -225154.368, Max-Change: 0.00024Iteration: 22, Log-Lik: -225154.359, Max-Change: 0.00025Iteration: 23, Log-Lik: -225154.356, Max-Change: 0.00023Iteration: 24, Log-Lik: -225154.353, Max-Change: 0.00022Iteration: 25, Log-Lik: -225154.340, Max-Change: 0.00015Iteration: 26, Log-Lik: -225154.339, Max-Change: 0.00014Iteration: 27, Log-Lik: -225154.338, Max-Change: 0.00014Iteration: 28, Log-Lik: -225154.333, Max-Change: 0.00010Iteration: 29, Log-Lik: -225154.333, Max-Change: 0.00010[] 
 []


Underfull \vbox (badness 10000) has occurred while \output is active []

<ICC_project_files/figure-latex/generalrecodes-1.pdf, id=160, 469.755pt x 325.215pt>
File: ICC_project_files/figure-latex/generalrecodes-1.pdf Graphic file (type pdf)
<use ICC_project_files/figure-latex/generalrecodes-1.pdf>
Package pdftex.def Info: ICC_project_files/figure-latex/generalrecodes-1.pdf  used on input line 725.
(pdftex.def)             Requested size: 241.74374pt x 167.36105pt.

Overfull \hbox (0.0005pt too wide) in paragraph at lines 725--726
[][] 
 []

[8 <./ICC_project_files/figure-latex/generalrecodes-1.pdf>]
<ICC_project_files/figure-latex/plotting-1.pdf, id=172, 469.755pt x 325.215pt>
File: ICC_project_files/figure-latex/plotting-1.pdf Graphic file (type pdf)
<use ICC_project_files/figure-latex/plotting-1.pdf>
Package pdftex.def Info: ICC_project_files/figure-latex/plotting-1.pdf  used on input line 745.
(pdftex.def)             Requested size: 241.74374pt x 167.36105pt.
<ICC_project_files/figure-latex/stackedplotIntercept-1.pdf, id=173, 469.755pt x 325.215pt>
File: ICC_project_files/figure-latex/stackedplotIntercept-1.pdf Graphic file (type pdf)
<use ICC_project_files/figure-latex/stackedplotIntercept-1.pdf>
Package pdftex.def Info: ICC_project_files/figure-latex/stackedplotIntercept-1.pdf  used on input line 751.
(pdftex.def)             Requested size: 241.74374pt x 167.36105pt.
<ICC_project_files/figure-latex/stackeplotSlope-1.pdf, id=174, 469.755pt x 325.215pt>
File: ICC_project_files/figure-latex/stackeplotSlope-1.pdf Graphic file (type pdf)
<use ICC_project_files/figure-latex/stackeplotSlope-1.pdf>
Package pdftex.def Info: ICC_project_files/figure-latex/stackeplotSlope-1.pdf  used on input line 757.
(pdftex.def)             Requested size: 241.74374pt x 167.36105pt.
<ICC_project_files/figure-latex/histrogram-1.pdf, id=175, 469.755pt x 325.215pt>
File: ICC_project_files/figure-latex/histrogram-1.pdf Graphic file (type pdf)
<use ICC_project_files/figure-latex/histrogram-1.pdf>
Package pdftex.def Info: ICC_project_files/figure-latex/histrogram-1.pdf  used on input line 763.
(pdftex.def)             Requested size: 241.74374pt x 167.36105pt.
<ICC_project_files/figure-latex/cttcurves-1.pdf, id=176, 469.755pt x 325.215pt>
File: ICC_project_files/figure-latex/cttcurves-1.pdf Graphic file (type pdf)
<use ICC_project_files/figure-latex/cttcurves-1.pdf>
Package pdftex.def Info: ICC_project_files/figure-latex/cttcurves-1.pdf  used on input line 769.
(pdftex.def)             Requested size: 241.74374pt x 167.36105pt.
<ICC_project_files/figure-latex/irtcurves-1.pdf, id=177, 469.755pt x 325.215pt>
File: ICC_project_files/figure-latex/irtcurves-1.pdf Graphic file (type pdf)
<use ICC_project_files/figure-latex/irtcurves-1.pdf>
Package pdftex.def Info: ICC_project_files/figure-latex/irtcurves-1.pdf  used on input line 775.
(pdftex.def)             Requested size: 241.74374pt x 167.36105pt.
[9 <./ICC_project_files/figure-latex/plotting-1.pdf> <./ICC_project_files/figure-latex/stackedplotIntercept-1.pdf> <./ICC_project_files/figure-latex/stackeplotSlope-1.pdf> <./ICC_project_files/figure-latex/histrogram-1.pdf> <./ICC_project_files/figure-latex/cttcurves-1.pdf>] [10 <./ICC_project_files/figure-latex/irtcurves-1.pdf>]
Underfull \vbox (badness 10000) has occurred while \output is active []

[11]
Underfull \vbox (badness 10000) has occurred while \output is active []


Package hyperref Warning: Token not allowed in a PDF string (Unicode):
(hyperref)                removing `\\' on input line 937.

[12] (./ICC_project.aux)
 ***********
LaTeX2e <2023-06-01> patch level 1
L3 programming layer <2020/03/25>
 ***********
Package rerunfilecheck Info: File `ICC_project.out' has not changed.
(rerunfilecheck)             Checksum: ED6D08CB9C30E4693AF74AB72C5455E8;2289.
 ) 
Here is how much of TeX's memory you used:
 15634 strings out of 477196
 256588 string characters out of 5811767
 1945238 words of memory out of 5000000
 36213 multiletter control sequences out of 15000+600000
 628268 words of font info for 156 fonts, out of 8000000 for 9000
 14 hyphenation exceptions out of 8191
 75i,9n,79p,4884b,648s stack positions out of 10000i,1000n,20000p,200000b,200000s
<c:/Users/diego/AppData/Roaming/TinyTeX/texmf-dist/fonts/type1/public/amsfonts/cm/cmex10.pfb><c:/Users/diego/AppData/Roaming/TinyTeX/texmf-dist/fonts/type1/public/amsfonts/cm/cmmi10.pfb><c:/Users/diego/AppData/Roaming/TinyTeX/texmf-dist/fonts/type1/public/amsfonts/cm/cmr10.pfb><c:/Users/diego/AppData/Roaming/TinyTeX/texmf-dist/fonts/type1/public/amsfonts/cm/cmsy10.pfb><c:/Users/diego/AppData/Roaming/TinyTeX/texmf-dist/fonts/type1/public/amsfonts/symbols/msam10.pfb><c:/Users/diego/AppData/Roaming/TinyTeX/texmf-dist/fonts/type1/urw/courier/ucrr8a.pfb><c:/Users/diego/AppData/Roaming/TinyTeX/texmf-dist/fonts/type1/urw/symbol/usyr.pfb><c:/Users/diego/AppData/Roaming/TinyTeX/texmf-dist/fonts/type1/urw/times/utmb8a.pfb><c:/Users/diego/AppData/Roaming/TinyTeX/texmf-dist/fonts/type1/urw/times/utmr8a.pfb><c:/Users/diego/AppData/Roaming/TinyTeX/texmf-dist/fonts/type1/urw/times/utmri8a.pfb>
Output written on ICC_project.pdf (12 pages, 305469 bytes).
PDF statistics:
 408 PDF objects out of 1000 (max. 8388607)
 352 compressed objects within 4 object streams
 114 named destinations out of 1000 (max. 500000)
 166 words of extra memory for PDF output out of 10000 (max. 10000000)

